cl : command line warning D9035: option 'Gm' has been deprecated and will be removed in a future release
  Snake.cpp
  RollDiceAction.cpp
  Player.cpp
  Ladder.cpp
  Grid.cpp
  GameObject.cpp
  Cell.cpp
  CardTwo.cpp
  CardThree.cpp
  CardSix.cpp
  CardSeven.cpp
  CardOne.cpp
  CardFour.cpp
  CardFive.cpp
  CardEight.cpp
  Card.cpp
  ApplicationManager.cpp
C:\Users\m\Downloads\Snakes_Ladders-Hamdy\ApplicationManager.cpp(6,10): warning C4067: unexpected tokens following preprocessor directive - expected a newline
  AddSnakeAction.cpp
  AddLadderAction.cpp
  AddCardAction.cpp
  Generating Code...
Action.obj : warning LNK4075: ignoring '/EDITANDCONTINUE' due to '/SAFESEH' specification
  PT-Project.vcxproj -> C:\Users\m\Downloads\Snakes_Ladders-Hamdy\Debug\PT Project.exe
